
2025-10-22-03.25.07.473180+000 I1E1840               LEVEL: Event
PID     : 110                  TID : 140736836015808 PROC : ruby
INSTANCE: DB2                  NODE : 000
HOSTNAME: d56615246d49
FUNCTION: DB2 UDB, RAS/PD component, pdLogInternal, probe:120
START   : New Diagnostic Log file
DATA #1 : Build Level, 248 bytes
Instance "DB2" uses "64" bits and DB2 code release "SQL11059"
with level identifier "060A010F".
Informational tokens are "DB2 v11.5.9.0", "special_50315", "DYN2410311831AMD64_50315", Fix Pack "0".
DATA #2 : System Info, 664 bytes
System: Linux d56615246d49 10 6 x86_64
CPU: total:12 online:12 Cores per socket:12 Threading degree per core:1 SIMD:Y CPU Features:SSE2,SSE3,SSSE3,SSE4
CPU binding: not in use
Physical Memory(MB): total:16452 free:10109
Virtual  Memory(MB): total:18500 free:12157
Swap     Memory(MB): total:2048 free:2048
Kernel   Params: msgMaxMessageSize:8192 msgMsgMap:16384 msgMaxQueueIDs:32000
                 msgNumberOfHeaders:16384 msgMaxQueueSize:16384
                 msgMaxSegmentSize:16 shmMax:9223372036854775807 shmMin:1
                 shmIDs:4096 shmSegments:4096 semMap:1024000000 semIDs:32000
                 semNum:1024000000 semUndo:1024000000 semNumPerID:32000
                 semOps:500 semUndoSize:20 semMaxVal:32767
                 semAdjustOnExit:32767
Cur cpu time limit (seconds)  = 0xFFFFFFFFFFFFFFFF
Cur file size limit (bytes) = 0xFFFFFFFFFFFFFFFF
Cur data size (bytes)  = 0xFFFFFFFFFFFFFFFF
Cur stack size (bytes)  = 0x0000000000800000
Cur core size (bytes)  = 0x0000000000000000
Cur memory size (bytes) = 0xFFFFFFFFFFFFFFFF
nofiles (descriptors)  = 0x0000000000100000
Cur maximum number of processes = 0xFFFFFFFFFFFFFFFF
Disk: 4K Device Support: NONE

Information in this record is only valid at the time when this file was
created (see this record's time stamp)

2025-10-22-03.25.07.482240+000 I1842E332             LEVEL: Error
PID     : 110                  TID : 140736836015808 PROC : ruby
INSTANCE: DB2                  NODE : 000
HOSTNAME: d56615246d49
FUNCTION: DB2 UDB, common communication, sqlcctcpconnr, probe:110
MESSAGE : DIA3202C The TCP/IP call "connect" returned an errno="111".
